<?xml version="1.0" encoding="UTF-8"?>
<!-- Generated by org.testng.reporters.JUnitReportReporter -->
<testsuite hostname="ITUS000127-MAC.local" failures="0" tests="1" name="Test123.NewTest2" time="5.474" errors="0" timestamp="11 Jun 2019 05:26:45 GMT" skipped="0">
  <testcase classname="Test123.NewTest2" name="Testing_explicit" time="5.474"/>
</testsuite> <!-- Test123.NewTest2 -->
