<?xml version="1.0" encoding="UTF-8"?>
<!-- Generated by org.testng.reporters.JUnitReportReporter -->
<testsuite hostname="ITUS000127-MAC.local" failures="0" tests="1" name="lowes.TestAndroidApp" time="7.889" errors="0" timestamp="15 Aug 2019 17:36:39 GMT" skipped="0">
  <testcase classname="lowes.TestAndroidApp" name="addcontact" time="7.889"/>
</testsuite> <!-- lowes.TestAndroidApp -->
