<?xml version="1.0" encoding="UTF-8"?>
<!-- Generated by org.testng.reporters.JUnitReportReporter -->
<testsuite hostname="ITUS000127-MAC.local" failures="0" tests="1" name="Grab.paxapp" time="9.268" errors="0" timestamp="15 Aug 2019 18:55:04 GMT" skipped="0">
  <testcase classname="Grab.paxapp" name="addcontact" time="9.268"/>
</testsuite> <!-- Grab.paxapp -->
