<?xml version="1.0" encoding="UTF-8"?>
<!-- Generated by org.testng.reporters.JUnitReportReporter -->
<testsuite hostname="ITUS000127-MAC.local" failures="0" tests="3" name="lowes.NewTest" time="12.408" errors="0" timestamp="20 Jun 2019 05:30:03 GMT" skipped="0">
  <testcase classname="lowes.NewTest" name="testweb1" time="6.235"/>
  <testcase classname="lowes.NewTest" name="testweb2" time="2.697"/>
  <testcase classname="lowes.NewTest" name="testweb3" time="3.476"/>
</testsuite> <!-- lowes.NewTest -->
