<?xml version="1.0" encoding="UTF-8"?>
<!-- Generated by org.testng.reporters.JUnitReportReporter -->
<testsuite hostname="ITUS000127-MAC.local" failures="0" tests="1" name="lowes.TestAndroidApp" time="6.663" errors="0" timestamp="19 Jun 2019 06:59:56 GMT" skipped="0">
  <testcase classname="lowes.TestAndroidApp" name="addcontact" time="6.663"/>
</testsuite> <!-- lowes.TestAndroidApp -->
